<?xml version="1.0" encoding="UTF-8"?>
<!-- Generated by org.testng.reporters.JUnitXMLReporter -->
<testsuite ignored="7" hostname="LAPTOP-Q01D263N" failures="0" tests="1" name="Default test" time="6.374" errors="0" timestamp="٢٠٢٥-٠٤-٢٦T٠٤:٢١:٠٦ EET">
  <testcase classname="lession3.mytest" name="TableTest" time="0.359"/>
  <testcase classname="lession3.mytest" name="checkboxcchecked" time="0.0">
    <ignored/>
  </testcase> <!-- checkboxcchecked -->
  <testcase classname="lession3.mytest" name="AlertButton" time="0.0">
    <ignored/>
  </testcase> <!-- AlertButton -->
  <testcase classname="lession3.mytest" name="Droplistchoice" time="0.0">
    <ignored/>
  </testcase> <!-- Droplistchoice -->
  <testcase classname="lession3.mytest" name="autofill" time="0.0">
    <ignored/>
  </testcase> <!-- autofill -->
  <testcase classname="lession3.mytest" name="ConfirmButton" time="0.0">
    <ignored/>
  </testcase> <!-- ConfirmButton -->
  <testcase classname="lession3.mytest" name="radiotest" time="0.0">
    <ignored/>
  </testcase> <!-- radiotest -->
  <testcase classname="lession3.mytest" name="clickontab" time="0.0">
    <ignored/>
  </testcase> <!-- clickontab -->
</testsuite> <!-- Default test -->
