<?xml version="1.0" encoding="UTF-8"?>
<testng-results ignored="7" total="8" passed="1" failed="0" skipped="0">
  <reporter-output>
  </reporter-output>
  <suite started-at="٢٠٢٥-٠٤-٢٦T٠٤:٢١:٠٠ EET" name="Default suite" finished-at="٢٠٢٥-٠٤-٢٦T٠٤:٢١:٠٦ EET" duration-ms="6374">
    <groups>
    </groups>
    <test started-at="٢٠٢٥-٠٤-٢٦T٠٤:٢١:٠٠ EET" name="Default test" finished-at="٢٠٢٥-٠٤-٢٦T٠٤:٢١:٠٦ EET" duration-ms="6374">
      <class name="lession3.mytest">
        <test-method is-config="true" signature="mysetuptest()[pri:0, instance:lession3.mytest@64ba3208]" started-at="٢٠٢٥-٠٤-٢٦T٠٤:٢١:٠٠ EET" name="mysetuptest" finished-at="٢٠٢٥-٠٤-٢٦T٠٤:٢١:٠٦ EET" duration-ms="5958" status="PASS">
          <reporter-output>
          </reporter-output>
        </test-method> <!-- mysetuptest -->
        <test-method signature="TableTest()[pri:0, instance:lession3.mytest@64ba3208]" started-at="٢٠٢٥-٠٤-٢٦T٠٤:٢١:٠٦ EET" name="TableTest" finished-at="٢٠٢٥-٠٤-٢٦T٠٤:٢١:٠٦ EET" duration-ms="359" status="PASS">
          <reporter-output>
          </reporter-output>
        </test-method> <!-- TableTest -->
      </class> <!-- lession3.mytest -->
    </test> <!-- Default test -->
  </suite> <!-- Default suite -->
</testng-results>
